# JRE version: OpenJDK Runtime Environment (14.0.2+12) (build 14.0.2+12-46)
# Java VM: OpenJDK 64-Bit Server VM (14.0.2+12-46, mixed mode, tiered, compressed oops, g1 gc, windows-amd64)
Heap:
 garbage-first heap   total 114688K, used 44646K [0x0000000081600000, 0x0000000100000000)
  region size 1024K, 14 young (14336K), 4 survivors (4096K)
 Metaspace       used 63974K, capacity 65728K, committed 65792K, reserved 1105920K
  class space    used 8257K, capacity 8906K, committed 8960K, reserved 1048576K
GC Heap History (20 events):
Event: 3.098 GC heap before
{Heap before GC invocations=16 (full 0):
 garbage-first heap   total 68608K, used 53164K [0x0000000081600000, 0x0000000100000000)
  region size 1024K, 40 young (40960K), 4 survivors (4096K)
 Metaspace       used 36474K, capacity 37516K, committed 37632K, reserved 1081344K
  class space    used 4404K, capacity 4818K, committed 4864K, reserved 1048576K
}
Event: 3.103 GC heap after
{Heap after GC invocations=17 (full 0):
 garbage-first heap   total 68608K, used 17745K [0x0000000081600000, 0x0000000100000000)
  region size 1024K, 4 young (4096K), 4 survivors (4096K)
 Metaspace       used 36474K, capacity 37516K, committed 37632K, reserved 1081344K
  class space    used 4404K, capacity 4818K, committed 4864K, reserved 1048576K
}
Event: 3.223 GC heap before
{Heap before GC invocations=17 (full 0):
 garbage-first heap   total 68608K, used 53585K [0x0000000081600000, 0x0000000100000000)
  region size 1024K, 40 young (40960K), 4 survivors (4096K)
 Metaspace       used 38761K, capacity 39840K, committed 39936K, reserved 1083392K
  class space    used 4694K, capacity 5120K, committed 5120K, reserved 1048576K
}
Event: 3.228 GC heap after
{Heap after GC invocations=18 (full 0):
 garbage-first heap   total 68608K, used 18921K [0x0000000081600000, 0x0000000100000000)
  region size 1024K, 3 young (3072K), 3 survivors (3072K)
 Metaspace       used 38761K, capacity 39840K, committed 39936K, reserved 1083392K
  class space    used 4694K, capacity 5120K, committed 5120K, reserved 1048576K
}
Event: 3.360 GC heap before
{Heap before GC invocations=18 (full 0):
 garbage-first heap   total 68608K, used 55785K [0x0000000081600000, 0x0000000100000000)
  region size 1024K, 39 young (39936K), 3 survivors (3072K)
 Metaspace       used 41126K, capacity 42330K, committed 42496K, reserved 1085440K
  class space    used 5142K, capacity 5586K, committed 5632K, reserved 1048576K
}
Event: 3.365 GC heap after
{Heap after GC invocations=19 (full 0):
 garbage-first heap   total 93184K, used 19998K [0x0000000081600000, 0x0000000100000000)
  region size 1024K, 3 young (3072K), 3 survivors (3072K)
 Metaspace       used 41126K, capacity 42330K, committed 42496K, reserved 1085440K
  class space    used 5142K, capacity 5586K, committed 5632K, reserved 1048576K
}
Event: 3.732 GC heap before
{Heap before GC invocations=19 (full 0):
 garbage-first heap   total 93184K, used 72222K [0x0000000081600000, 0x0000000100000000)
  region size 1024K, 54 young (55296K), 3 survivors (3072K)
 Metaspace       used 47171K, capacity 48433K, committed 48640K, reserved 1091584K
  class space    used 5865K, capacity 6313K, committed 6400K, reserved 1048576K
}
Event: 3.737 GC heap after
{Heap after GC invocations=20 (full 0):
 garbage-first heap   total 93184K, used 23426K [0x0000000081600000, 0x0000000100000000)
  region size 1024K, 6 young (6144K), 6 survivors (6144K)
 Metaspace       used 47171K, capacity 48433K, committed 48640K, reserved 1091584K
  class space    used 5865K, capacity 6313K, committed 6400K, reserved 1048576K
}
Event: 3.921 GC heap before
{Heap before GC invocations=20 (full 0):
 garbage-first heap   total 93184K, used 71554K [0x0000000081600000, 0x0000000100000000)
  region size 1024K, 54 young (55296K), 6 survivors (6144K)
 Metaspace       used 49728K, capacity 50916K, committed 51200K, reserved 1093632K
  class space    used 6166K, capacity 6607K, committed 6656K, reserved 1048576K
}
Event: 3.928 GC heap after
{Heap after GC invocations=21 (full 0):
 garbage-first heap   total 93184K, used 25833K [0x0000000081600000, 0x0000000100000000)
  region size 1024K, 6 young (6144K), 6 survivors (6144K)
 Metaspace       used 49728K, capacity 50916K, committed 51200K, reserved 1093632K
  class space    used 6166K, capacity 6607K, committed 6656K, reserved 1048576K
}
Event: 4.125 GC heap before
{Heap before GC invocations=21 (full 0):
 garbage-first heap   total 93184K, used 73961K [0x0000000081600000, 0x0000000100000000)
  region size 1024K, 54 young (55296K), 6 survivors (6144K)
 Metaspace       used 52816K, capacity 54105K, committed 54272K, reserved 1095680K
  class space    used 6648K, capacity 7108K, committed 7168K, reserved 1048576K
}
Event: 4.129 GC heap after
{Heap after GC invocations=22 (full 0):
 garbage-first heap   total 93184K, used 27454K [0x0000000081600000, 0x0000000100000000)
  region size 1024K, 5 young (5120K), 5 survivors (5120K)
 Metaspace       used 52816K, capacity 54105K, committed 54272K, reserved 1095680K
  class space    used 6648K, capacity 7108K, committed 7168K, reserved 1048576K
}
Event: 4.769 GC heap before
{Heap before GC invocations=22 (full 0):
 garbage-first heap   total 93184K, used 73534K [0x0000000081600000, 0x0000000100000000)
  region size 1024K, 50 young (51200K), 5 survivors (5120K)
 Metaspace       used 56783K, capacity 58120K, committed 58240K, reserved 1099776K
  class space    used 7220K, capacity 7724K, committed 7808K, reserved 1048576K
}
Event: 4.773 GC heap after
{Heap after GC invocations=23 (full 0):
 garbage-first heap   total 114688K, used 28763K [0x0000000081600000, 0x0000000100000000)
  region size 1024K, 3 young (3072K), 3 survivors (3072K)
 Metaspace       used 56783K, capacity 58120K, committed 58240K, reserved 1099776K
  class space    used 7220K, capacity 7724K, committed 7808K, reserved 1048576K
}
Event: 5.115 GC heap before
{Heap before GC invocations=23 (full 0):
 garbage-first heap   total 114688K, used 80987K [0x0000000081600000, 0x0000000100000000)
  region size 1024K, 55 young (56320K), 3 survivors (3072K)
 Metaspace       used 58542K, capacity 60038K, committed 60160K, reserved 1101824K
  class space    used 7497K, capacity 8042K, committed 8064K, reserved 1048576K
}
Event: 5.122 GC heap after
{Heap after GC invocations=24 (full 0):
 garbage-first heap   total 114688K, used 32149K [0x0000000081600000, 0x0000000100000000)
  region size 1024K, 7 young (7168K), 7 survivors (7168K)
 Metaspace       used 58542K, capacity 60038K, committed 60160K, reserved 1101824K
  class space    used 7497K, capacity 8042K, committed 8064K, reserved 1048576K
}
Event: 5.472 GC heap before
{Heap before GC invocations=25 (full 0):
 garbage-first heap   total 114688K, used 89493K [0x0000000081600000, 0x0000000100000000)
  region size 1024K, 63 young (64512K), 7 survivors (7168K)
 Metaspace       used 59910K, capacity 61479K, committed 61568K, reserved 1101824K
  class space    used 7729K, capacity 8305K, committed 8320K, reserved 1048576K
}
Event: 5.479 GC heap after
{Heap after GC invocations=26 (full 0):
 garbage-first heap   total 114688K, used 34599K [0x0000000081600000, 0x0000000100000000)
  region size 1024K, 6 young (6144K), 6 survivors (6144K)
 Metaspace       used 59910K, capacity 61479K, committed 61568K, reserved 1101824K
  class space    used 7729K, capacity 8305K, committed 8320K, reserved 1048576K
}
Event: 19.863 GC heap before
{Heap before GC invocations=26 (full 0):
 garbage-first heap   total 114688K, used 91943K [0x0000000081600000, 0x0000000100000000)
  region size 1024K, 62 young (63488K), 6 survivors (6144K)
 Metaspace       used 63156K, capacity 64891K, committed 65152K, reserved 1105920K
  class space    used 8157K, capacity 8797K, committed 8832K, reserved 1048576K
}
Event: 19.871 GC heap after
{Heap after GC invocations=27 (full 0):
 garbage-first heap   total 114688K, used 35430K [0x0000000081600000, 0x0000000100000000)
  region size 1024K, 4 young (4096K), 4 survivors (4096K)
 Metaspace       used 63156K, capacity 64891K, committed 65152K, reserved 1105920K
  class space    used 8157K, capacity 8797K, committed 8832K, reserved 1048576K
}

